<?xml version="1.0" encoding="UTF-8"?>
<!-- Generated by org.testng.reporters.JUnitReportReporter -->
<testsuite skipped="0" hostname="sr-PC" name="Epic.testcases.EpicLoginTest" tests="1" failures="0" timestamp="2022-03-22T20:18:02 IST" time="8.211" errors="0">
  <testcase name="login" time="8.211" classname="Epic.testcases.EpicLoginTest"/>
  <system-out/>
</testsuite> <!-- Epic.testcases.EpicLoginTest -->
