<?xml version="1.0" encoding="UTF-8"?>
<!-- Generated by org.testng.reporters.JUnitReportReporter -->
<testsuite skipped="0" hostname="sr-PC" name="Epic.testcases.DepartmentTest" tests="1" failures="0" timestamp="2022-03-22T20:09:25 IST" time="4.977" errors="0">
  <testcase name="Dept" time="4.977" classname="Epic.testcases.DepartmentTest"/>
  <system-out/>
</testsuite> <!-- Epic.testcases.DepartmentTest -->
