<?xml version="1.0" encoding="UTF-8"?>
<!-- Generated by org.testng.reporters.JUnitReportReporter -->
<testsuite skipped="0" hostname="sr-PC" name="Epic.testcases.DocRepositoryTest" tests="1" failures="0" timestamp="2022-03-12T02:08:09 IST" time="5.872" errors="0">
  <testcase name="Repository" time="5.872" classname="Epic.testcases.DocRepositoryTest"/>
  <system-out/>
</testsuite> <!-- Epic.testcases.DocRepositoryTest -->
